Cleaning up all outstanding Run operations, waiting 300.0 seconds
1 items cleaning up...
Cleanup took 0.11144375801086426 seconds
Traceback (most recent call last):
  File "cross_hound/matcher.py", line 1444, in main
    matched = handle_off_spec_rejections(
  File "cross_hound/matcher.py", line 105, in handle_off_spec_rejections
    mask_off_spec_match = matched_df["Matching Reason"] == "Off Spec Match"
  File "/opt/conda/envs/ptca/lib/python3.8/site-packages/pandas/core/frame.py", line 3760, in __getitem__
    indexer = self.columns.get_loc(key)
  File "/opt/conda/envs/ptca/lib/python3.8/site-packages/pandas/core/indexes/range.py", line 349, in get_loc
    raise KeyError(key)
KeyError: 'Matching Reason'

During handling of the above exception, another exception occurred:

Traceback (most recent call last):
  File "cross_hound/matcher.py", line 1575, in <module>
    main(input_dir=args.get('input_dir'),
  File "cross_hound/matcher.py", line 1499, in main
    exit(1)
  File "/opt/conda/envs/ptca/lib/python3.8/_sitebuiltins.py", line 26, in __call__
    raise SystemExit(code)
SystemExit: 1
